# JRE version: Java(TM) SE Runtime Environment (8.0_202-b08) (build 1.8.0_202-b08)
# Java VM: Java HotSpot(TM) 64-Bit Server VM (25.202-b08 mixed mode windows-amd64 compressed oops)
Heap:
 PSYoungGen      total 669184K, used 504446K [0x000000076c000000, 0x000000079f380000, 0x00000007c0000000)
  eden space 637952K, 74% used [0x000000076c000000,0x0000000788e236a8,0x0000000792f00000)
  from space 31232K, 99% used [0x0000000792f00000,0x0000000794d7c180,0x0000000794d80000)
  to   space 37376K, 0% used [0x000000079cf00000,0x000000079cf00000,0x000000079f380000)
 ParOldGen       total 262656K, used 68990K [0x00000006c4000000, 0x00000006d4080000, 0x000000076c000000)
  object space 262656K, 26% used [0x00000006c4000000,0x00000006c835fbc0,0x00000006d4080000)
 Metaspace       used 118434K, capacity 124510K, committed 124800K, reserved 1157120K
  class space    used 15276K, capacity 16435K, committed 16512K, reserved 1048576K
GC Heap History (10 events):
Event: 49.177 GC heap before
{Heap before GC invocations=19 (full 3):
 PSYoungGen      total 482816K, used 245138K [0x000000076c000000, 0x0000000790b80000, 0x00000007c0000000)
  eden space 462848K, 48% used [0x000000076c000000,0x0000000779cdc598,0x0000000788400000)
  from space 19968K, 95% used [0x0000000788400000,0x0000000789688268,0x0000000789780000)
  to   space 22016K, 0% used [0x000000078f600000,0x000000078f600000,0x0000000790b80000)
 ParOldGen       total 187904K, used 48899K [0x00000006c4000000, 0x00000006cf780000, 0x000000076c000000)
  object space 187904K, 26% used [0x00000006c4000000,0x00000006c6fc0dc8,0x00000006cf780000)
 Metaspace       used 94486K, capacity 98388K, committed 98496K, reserved 1134592K
  class space    used 12497K, capacity 13228K, committed 13312K, reserved 1048576K
Event: 49.218 GC heap after
Heap after GC invocations=19 (full 3):
 PSYoungGen      total 576000K, used 22004K [0x000000076c000000, 0x0000000792a00000, 0x00000007c0000000)
  eden space 553984K, 0% used [0x000000076c000000,0x000000076c000000,0x000000078dd00000)
  from space 22016K, 99% used [0x000000078f600000,0x0000000790b7d278,0x0000000790b80000)
  to   space 25600K, 0% used [0x000000078dd00000,0x000000078dd00000,0x000000078f600000)
 ParOldGen       total 187904K, used 50375K [0x00000006c4000000, 0x00000006cf780000, 0x000000076c000000)
  object space 187904K, 26% used [0x00000006c4000000,0x00000006c7131c70,0x00000006cf780000)
 Metaspace       used 94486K, capacity 98388K, committed 98496K, reserved 1134592K
  class space    used 12497K, capacity 13228K, committed 13312K, reserved 1048576K
}
Event: 49.218 GC heap before
{Heap before GC invocations=20 (full 4):
 PSYoungGen      total 576000K, used 22004K [0x000000076c000000, 0x0000000792a00000, 0x00000007c0000000)
  eden space 553984K, 0% used [0x000000076c000000,0x000000076c000000,0x000000078dd00000)
  from space 22016K, 99% used [0x000000078f600000,0x0000000790b7d278,0x0000000790b80000)
  to   space 25600K, 0% used [0x000000078dd00000,0x000000078dd00000,0x000000078f600000)
 ParOldGen       total 187904K, used 50375K [0x00000006c4000000, 0x00000006cf780000, 0x000000076c000000)
  object space 187904K, 26% used [0x00000006c4000000,0x00000006c7131c70,0x00000006cf780000)
 Metaspace       used 94486K, capacity 98388K, committed 98496K, reserved 1134592K
  class space    used 12497K, capacity 13228K, committed 13312K, reserved 1048576K
Event: 49.506 GC heap after
Heap after GC invocations=20 (full 4):
 PSYoungGen      total 576000K, used 0K [0x000000076c000000, 0x0000000792a00000, 0x00000007c0000000)
  eden space 553984K, 0% used [0x000000076c000000,0x000000076c000000,0x000000078dd00000)
  from space 22016K, 0% used [0x000000078f600000,0x000000078f600000,0x0000000790b80000)
  to   space 25600K, 0% used [0x000000078dd00000,0x000000078dd00000,0x000000078f600000)
 ParOldGen       total 262656K, used 63491K [0x00000006c4000000, 0x00000006d4080000, 0x000000076c000000)
  object space 262656K, 24% used [0x00000006c4000000,0x00000006c7e00e68,0x00000006d4080000)
 Metaspace       used 94486K, capacity 98388K, committed 98496K, reserved 1134592K
  class space    used 12497K, capacity 13228K, committed 13312K, reserved 1048576K
}
Event: 58.675 GC heap before
{Heap before GC invocations=21 (full 4):
 PSYoungGen      total 576000K, used 553984K [0x000000076c000000, 0x0000000792a00000, 0x00000007c0000000)
  eden space 553984K, 100% used [0x000000076c000000,0x000000078dd00000,0x000000078dd00000)
  from space 22016K, 0% used [0x000000078f600000,0x000000078f600000,0x0000000790b80000)
  to   space 25600K, 0% used [0x000000078dd00000,0x000000078dd00000,0x000000078f600000)
 ParOldGen       total 262656K, used 63491K [0x00000006c4000000, 0x00000006d4080000, 0x000000076c000000)
  object space 262656K, 24% used [0x00000006c4000000,0x00000006c7e00e68,0x00000006d4080000)
 Metaspace       used 105437K, capacity 110640K, committed 110976K, reserved 1144832K
  class space    used 13849K, capacity 14854K, committed 14976K, reserved 1048576K
Event: 58.717 GC heap after
Heap after GC invocations=21 (full 4):
 PSYoungGen      total 579584K, used 22537K [0x000000076c000000, 0x0000000796900000, 0x00000007c0000000)
  eden space 553984K, 0% used [0x000000076c000000,0x000000076c000000,0x000000078dd00000)
  from space 25600K, 88% used [0x000000078dd00000,0x000000078f3024b0,0x000000078f600000)
  to   space 28160K, 0% used [0x0000000794d80000,0x0000000794d80000,0x0000000796900000)
 ParOldGen       total 262656K, used 63499K [0x00000006c4000000, 0x00000006d4080000, 0x000000076c000000)
  object space 262656K, 24% used [0x00000006c4000000,0x00000006c7e02e68,0x00000006d4080000)
 Metaspace       used 105437K, capacity 110640K, committed 110976K, reserved 1144832K
  class space    used 13849K, capacity 14854K, committed 14976K, reserved 1048576K
}
Event: 62.824 GC heap before
{Heap before GC invocations=22 (full 4):
 PSYoungGen      total 579584K, used 576521K [0x000000076c000000, 0x0000000796900000, 0x00000007c0000000)
  eden space 553984K, 100% used [0x000000076c000000,0x000000078dd00000,0x000000078dd00000)
  from space 25600K, 88% used [0x000000078dd00000,0x000000078f3024b0,0x000000078f600000)
  to   space 28160K, 0% used [0x0000000794d80000,0x0000000794d80000,0x0000000796900000)
 ParOldGen       total 262656K, used 63499K [0x00000006c4000000, 0x00000006d4080000, 0x000000076c000000)
  object space 262656K, 24% used [0x00000006c4000000,0x00000006c7e02e68,0x00000006d4080000)
 Metaspace       used 109103K, capacity 114406K, committed 114688K, reserved 1148928K
  class space    used 14223K, capacity 15259K, committed 15360K, reserved 1048576K
Event: 62.895 GC heap after
Heap after GC invocations=22 (full 4):
 PSYoungGen      total 666112K, used 25372K [0x000000076c000000, 0x0000000797900000, 0x00000007c0000000)
  eden space 637952K, 0% used [0x000000076c000000,0x000000076c000000,0x0000000792f00000)
  from space 28160K, 90% used [0x0000000794d80000,0x00000007966473b0,0x0000000796900000)
  to   space 31232K, 0% used [0x0000000792f00000,0x0000000792f00000,0x0000000794d80000)
 ParOldGen       total 262656K, used 63515K [0x00000006c4000000, 0x00000006d4080000, 0x000000076c000000)
  object space 262656K, 24% used [0x00000006c4000000,0x00000006c7e06e68,0x00000006d4080000)
 Metaspace       used 109103K, capacity 114406K, committed 114688K, reserved 1148928K
  class space    used 14223K, capacity 15259K, committed 15360K, reserved 1048576K
}
Event: 69.301 GC heap before
{Heap before GC invocations=23 (full 4):
 PSYoungGen      total 666112K, used 663324K [0x000000076c000000, 0x0000000797900000, 0x00000007c0000000)
  eden space 637952K, 100% used [0x000000076c000000,0x0000000792f00000,0x0000000792f00000)
  from space 28160K, 90% used [0x0000000794d80000,0x00000007966473b0,0x0000000796900000)
  to   space 31232K, 0% used [0x0000000792f00000,0x0000000792f00000,0x0000000794d80000)
 ParOldGen       total 262656K, used 63515K [0x00000006c4000000, 0x00000006d4080000, 0x000000076c000000)
  object space 262656K, 24% used [0x00000006c4000000,0x00000006c7e06e68,0x00000006d4080000)
 Metaspace       used 112981K, capacity 118544K, committed 118656K, reserved 1153024K
  class space    used 14570K, capacity 15646K, committed 15744K, reserved 1048576K
Event: 69.451 GC heap after
Heap after GC invocations=23 (full 4):
 PSYoungGen      total 669184K, used 31216K [0x000000076c000000, 0x000000079f380000, 0x00000007c0000000)
  eden space 637952K, 0% used [0x000000076c000000,0x000000076c000000,0x0000000792f00000)
  from space 31232K, 99% used [0x0000000792f00000,0x0000000794d7c180,0x0000000794d80000)
  to   space 37376K, 0% used [0x000000079cf00000,0x000000079cf00000,0x000000079f380000)
 ParOldGen       total 262656K, used 68990K [0x00000006c4000000, 0x00000006d4080000, 0x000000076c000000)
  object space 262656K, 26% used [0x00000006c4000000,0x00000006c835fbc0,0x00000006d4080000)
 Metaspace       used 112981K, capacity 118544K, committed 118656K, reserved 1153024K
  class space    used 14570K, capacity 15646K, committed 15744K, reserved 1048576K
}

